Building DAG of jobs...
Singularity image location: /mnt/tank/scratch/mfiruleva/scn/config/e78b32002e592105c700c757fbe8a8e4.simg
Using shell: /bin/bash
Provided cores: 4
Rules claiming more threads will be scaled down.
Job counts:
	count	jobs
	1	add_uns_to_h5ad
	1	all
	1	define_version
	1	get_count_matrix
	1	kallisto
	1	run_analysis
	6
Resources before job selection: {'_cores': 4, '_nodes': 9223372036854775807}
Ready jobs (1):
	define_version
Selected jobs (1):
	define_version
Resources after job selection: {'_cores': 3, '_nodes': 9223372036854775806}

[Fri Nov  6 18:36:41 2020]
rule define_version:
    input: SRR7425023_tmp.bam, sample_description.csv
    output: kallisto.sh
    log: logs/define_version.log
    jobid: 5
    benchmark: benchmarks/define_version.txt

 singularity exec --home /mnt/tank/scratch/mfiruleva/scn/data/GSE116240/SRS3458842  --bind /nfs/home/mfiruleva/anaconda3/envs/scn_cor/lib/python3.8/site-packages:/mnt/snakemake /mnt/tank/scratch/mfiruleva/scn/config/e78b32002e592105c700c757fbe8a8e4.simg sh -c 'type conda'
 singularity exec --home /mnt/tank/scratch/mfiruleva/scn/data/GSE116240/SRS3458842  --bind /nfs/home/mfiruleva/anaconda3/envs/scn_cor/lib/python3.8/site-packages:/mnt/snakemake /mnt/tank/scratch/mfiruleva/scn/config/e78b32002e592105c700c757fbe8a8e4.simg sh -c 'conda --version'
 singularity exec --home /mnt/tank/scratch/mfiruleva/scn/data/GSE116240/SRS3458842  --bind /nfs/home/mfiruleva/anaconda3/envs/scn_cor/lib/python3.8/site-packages:/mnt/snakemake /mnt/tank/scratch/mfiruleva/scn/config/e78b32002e592105c700c757fbe8a8e4.simg sh -c 'conda info --json'
 singularity exec --home /mnt/tank/scratch/mfiruleva/scn/data/GSE116240/SRS3458842  --bind /nfs/home/mfiruleva/anaconda3/envs/scn_cor/lib/python3.8/site-packages:/mnt/snakemake /mnt/tank/scratch/mfiruleva/scn/config/e78b32002e592105c700c757fbe8a8e4.simg sh -c 'type conda'
 singularity exec --home /mnt/tank/scratch/mfiruleva/scn/data/GSE116240/SRS3458842  --bind /nfs/home/mfiruleva/anaconda3/envs/scn_cor/lib/python3.8/site-packages:/mnt/snakemake /mnt/tank/scratch/mfiruleva/scn/config/e78b32002e592105c700c757fbe8a8e4.simg sh -c 'conda --version'
 singularity exec --home /mnt/tank/scratch/mfiruleva/scn/data/GSE116240/SRS3458842  --bind /nfs/home/mfiruleva/anaconda3/envs/scn_cor/lib/python3.8/site-packages:/mnt/snakemake /mnt/tank/scratch/mfiruleva/scn/config/e78b32002e592105c700c757fbe8a8e4.simg sh -c 'conda info --json'
 singularity exec --home /mnt/tank/scratch/mfiruleva/scn/data/GSE116240/SRS3458842 --bind /scratch/mfiruleva/winter/genomes/mus:/home --bind /scratch/mfiruleva/GSEs_processing/wget_and_process:/files --bind /mnt/tank/scratch/mfiruleva/scn/config/65ef9760:/mnt/tank/scratch/mfiruleva/scn/config/65ef9760 --bind /mnt/tank/scratch/mfiruleva/scn/stats/summary.csv:/mnt/tank/scratch/mfiruleva/scn/stats/summary.csv --bind /nfs/home/mfiruleva/anaconda3/envs/scn_cor/lib/python3.8/site-packages:/mnt/snakemake /mnt/tank/scratch/mfiruleva/scn/config/e78b32002e592105c700c757fbe8a8e4.simg bash -c 'source /opt/conda/bin/activate '\''/mnt/tank/scratch/mfiruleva/scn/config/65ef9760'\''; set -euo pipefail;  python scripts/define_version.py --s_d sample_description.csv --tmp_bam SRR7425023_tmp.bam         --threads 4 --index /home/Mus_musculus.GRCm38.cdna.all.idx --transcripts_to_genes /home/transcripts_to_genes_v2.txt         --white_10xv1 /files/10xv1_whitelist.txt --white_10xv2 /files/10xv2_whitelist.txt --white_10xv3 /files/10xv3_whitelist.txt'
Activating singularity image /mnt/tank/scratch/mfiruleva/scn/config/e78b32002e592105c700c757fbe8a8e4.simg
Activating conda environment: /mnt/tank/scratch/mfiruleva/scn/config/65ef9760
Removing temporary output file SRR7425023_tmp.bam.
[Fri Nov  6 18:40:43 2020]
Finished job 5.
1 of 6 steps (17%) done
Resources before job selection: {'_cores': 4, '_nodes': 9223372036854775807}
Ready jobs (1):
	kallisto
Selected jobs (1):
	kallisto
Resources after job selection: {'_cores': 0, '_nodes': 9223372036854775806}

[Fri Nov  6 18:40:43 2020]
rule kallisto:
    input: kallisto.sh
    output: file0.bam, bus_out/correct_output.bus, bus_out/output.bus
    log: logs/kallisto.log
    jobid: 4
    benchmark: benchmarks/kallisto.txt
    threads: 4

 singularity exec --home /mnt/tank/scratch/mfiruleva/scn/data/GSE116240/SRS3458842  --bind /nfs/home/mfiruleva/anaconda3/envs/scn_cor/lib/python3.8/site-packages:/mnt/snakemake /mnt/tank/scratch/mfiruleva/scn/config/e78b32002e592105c700c757fbe8a8e4.simg sh -c 'type conda'
 singularity exec --home /mnt/tank/scratch/mfiruleva/scn/data/GSE116240/SRS3458842  --bind /nfs/home/mfiruleva/anaconda3/envs/scn_cor/lib/python3.8/site-packages:/mnt/snakemake /mnt/tank/scratch/mfiruleva/scn/config/e78b32002e592105c700c757fbe8a8e4.simg sh -c 'conda --version'
 singularity exec --home /mnt/tank/scratch/mfiruleva/scn/data/GSE116240/SRS3458842  --bind /nfs/home/mfiruleva/anaconda3/envs/scn_cor/lib/python3.8/site-packages:/mnt/snakemake /mnt/tank/scratch/mfiruleva/scn/config/e78b32002e592105c700c757fbe8a8e4.simg sh -c 'conda info --json'
 singularity exec --home /mnt/tank/scratch/mfiruleva/scn/data/GSE116240/SRS3458842 --bind /scratch/mfiruleva/winter/genomes/mus:/home --bind /scratch/mfiruleva/GSEs_processing/wget_and_process:/files --bind /mnt/tank/scratch/mfiruleva/scn/config/65ef9760:/mnt/tank/scratch/mfiruleva/scn/config/65ef9760 --bind /mnt/tank/scratch/mfiruleva/scn/stats/summary.csv:/mnt/tank/scratch/mfiruleva/scn/stats/summary.csv --bind /nfs/home/mfiruleva/anaconda3/envs/scn_cor/lib/python3.8/site-packages:/mnt/snakemake /mnt/tank/scratch/mfiruleva/scn/config/e78b32002e592105c700c757fbe8a8e4.simg bash -c 'source /opt/conda/bin/activate '\''/mnt/tank/scratch/mfiruleva/scn/config/65ef9760'\''; set -euo pipefail;  bash kallisto.sh 2> logs/kallisto.log'
Activating singularity image /mnt/tank/scratch/mfiruleva/scn/config/e78b32002e592105c700c757fbe8a8e4.simg
Activating conda environment: /mnt/tank/scratch/mfiruleva/scn/config/65ef9760
Terminating processes on user request, this might take some time.
Full Traceback (most recent call last):
  File "/nfs/home/mfiruleva/anaconda3/envs/scn_cor/lib/python3.8/site-packages/snakemake/executors.py", line 2078, in run_wrapper
    run(
  File "/mnt/tank/scratch/mfiruleva/scn/data/GSE116240/SRS3458842/rules/run_kallisto.smk", line 43, in __rule_kallisto
  File "/nfs/home/mfiruleva/anaconda3/envs/scn_cor/lib/python3.8/site-packages/snakemake/shell.py", line 176, in __new__
    raise sp.CalledProcessError(retcode, cmd)
subprocess.CalledProcessError: Command ' singularity exec --home /mnt/tank/scratch/mfiruleva/scn/data/GSE116240/SRS3458842 --bind /scratch/mfiruleva/winter/genomes/mus:/home --bind /scratch/mfiruleva/GSEs_processing/wget_and_process:/files --bind /mnt/tank/scratch/mfiruleva/scn/config/65ef9760:/mnt/tank/scratch/mfiruleva/scn/config/65ef9760 --bind /mnt/tank/scratch/mfiruleva/scn/stats/summary.csv:/mnt/tank/scratch/mfiruleva/scn/stats/summary.csv --bind /nfs/home/mfiruleva/anaconda3/envs/scn_cor/lib/python3.8/site-packages:/mnt/snakemake /mnt/tank/scratch/mfiruleva/scn/config/e78b32002e592105c700c757fbe8a8e4.simg bash -c 'source /opt/conda/bin/activate '\''/mnt/tank/scratch/mfiruleva/scn/config/65ef9760'\''; set -euo pipefail;  bash kallisto.sh 2> logs/kallisto.log'' died with <Signals.SIGINT: 2>.

[Fri Nov  6 18:42:58 2020]
Error in rule kallisto:
    jobid: 4
    output: file0.bam, bus_out/correct_output.bus, bus_out/output.bus
    log: logs/kallisto.log (check log file(s) for error message)
    conda-env: /mnt/tank/scratch/mfiruleva/scn/config/65ef9760
    shell:
        bash kallisto.sh 2> logs/kallisto.log
        (one of the commands exited with non-zero exit code; note that snakemake uses bash strict mode!)

Full Traceback (most recent call last):
  File "/nfs/home/mfiruleva/anaconda3/envs/scn_cor/lib/python3.8/site-packages/snakemake/executors.py", line 2078, in run_wrapper
    run(
  File "/mnt/tank/scratch/mfiruleva/scn/data/GSE116240/SRS3458842/rules/run_kallisto.smk", line 43, in __rule_kallisto
  File "/nfs/home/mfiruleva/anaconda3/envs/scn_cor/lib/python3.8/site-packages/snakemake/shell.py", line 176, in __new__
    raise sp.CalledProcessError(retcode, cmd)
subprocess.CalledProcessError: Command ' singularity exec --home /mnt/tank/scratch/mfiruleva/scn/data/GSE116240/SRS3458842 --bind /scratch/mfiruleva/winter/genomes/mus:/home --bind /scratch/mfiruleva/GSEs_processing/wget_and_process:/files --bind /mnt/tank/scratch/mfiruleva/scn/config/65ef9760:/mnt/tank/scratch/mfiruleva/scn/config/65ef9760 --bind /mnt/tank/scratch/mfiruleva/scn/stats/summary.csv:/mnt/tank/scratch/mfiruleva/scn/stats/summary.csv --bind /nfs/home/mfiruleva/anaconda3/envs/scn_cor/lib/python3.8/site-packages:/mnt/snakemake /mnt/tank/scratch/mfiruleva/scn/config/e78b32002e592105c700c757fbe8a8e4.simg bash -c 'source /opt/conda/bin/activate '\''/mnt/tank/scratch/mfiruleva/scn/config/65ef9760'\''; set -euo pipefail;  bash kallisto.sh 2> logs/kallisto.log'' died with <Signals.SIGINT: 2>.

During handling of the above exception, another exception occurred:

Traceback (most recent call last):
  File "/nfs/home/mfiruleva/anaconda3/envs/scn_cor/lib/python3.8/site-packages/snakemake/executors.py", line 493, in _callback
    raise ex
  File "/nfs/home/mfiruleva/anaconda3/envs/scn_cor/lib/python3.8/concurrent/futures/thread.py", line 57, in run
    result = self.fn(*self.args, **self.kwargs)
  File "/nfs/home/mfiruleva/anaconda3/envs/scn_cor/lib/python3.8/site-packages/snakemake/executors.py", line 479, in cached_or_run
    run_func(*args)
  File "/nfs/home/mfiruleva/anaconda3/envs/scn_cor/lib/python3.8/site-packages/snakemake/executors.py", line 2160, in run_wrapper
    raise RuleException(
snakemake.exceptions.RuleException: CalledProcessError in line 24 of /mnt/tank/scratch/mfiruleva/scn/data/GSE116240/SRS3458842/rules/run_kallisto.smk:
Command ' singularity exec --home /mnt/tank/scratch/mfiruleva/scn/data/GSE116240/SRS3458842 --bind /scratch/mfiruleva/winter/genomes/mus:/home --bind /scratch/mfiruleva/GSEs_processing/wget_and_process:/files --bind /mnt/tank/scratch/mfiruleva/scn/config/65ef9760:/mnt/tank/scratch/mfiruleva/scn/config/65ef9760 --bind /mnt/tank/scratch/mfiruleva/scn/stats/summary.csv:/mnt/tank/scratch/mfiruleva/scn/stats/summary.csv --bind /nfs/home/mfiruleva/anaconda3/envs/scn_cor/lib/python3.8/site-packages:/mnt/snakemake /mnt/tank/scratch/mfiruleva/scn/config/e78b32002e592105c700c757fbe8a8e4.simg bash -c 'source /opt/conda/bin/activate '\''/mnt/tank/scratch/mfiruleva/scn/config/65ef9760'\''; set -euo pipefail;  bash kallisto.sh 2> logs/kallisto.log'' died with <Signals.SIGINT: 2>.
  File "/mnt/tank/scratch/mfiruleva/scn/data/GSE116240/SRS3458842/rules/run_kallisto.smk", line 24, in __rule_kallisto

RuleException:
CalledProcessError in line 24 of /mnt/tank/scratch/mfiruleva/scn/data/GSE116240/SRS3458842/rules/run_kallisto.smk:
Command ' singularity exec --home /mnt/tank/scratch/mfiruleva/scn/data/GSE116240/SRS3458842 --bind /scratch/mfiruleva/winter/genomes/mus:/home --bind /scratch/mfiruleva/GSEs_processing/wget_and_process:/files --bind /mnt/tank/scratch/mfiruleva/scn/config/65ef9760:/mnt/tank/scratch/mfiruleva/scn/config/65ef9760 --bind /mnt/tank/scratch/mfiruleva/scn/stats/summary.csv:/mnt/tank/scratch/mfiruleva/scn/stats/summary.csv --bind /nfs/home/mfiruleva/anaconda3/envs/scn_cor/lib/python3.8/site-packages:/mnt/snakemake /mnt/tank/scratch/mfiruleva/scn/config/e78b32002e592105c700c757fbe8a8e4.simg bash -c 'source /opt/conda/bin/activate '\''/mnt/tank/scratch/mfiruleva/scn/config/65ef9760'\''; set -euo pipefail;  bash kallisto.sh 2> logs/kallisto.log'' died with <Signals.SIGINT: 2>.
  File "/mnt/tank/scratch/mfiruleva/scn/data/GSE116240/SRS3458842/rules/run_kallisto.smk", line 24, in __rule_kallisto
  File "/nfs/home/mfiruleva/anaconda3/envs/scn_cor/lib/python3.8/concurrent/futures/thread.py", line 57, in run
Removing output files of failed job kallisto since they might be corrupted:
file0.bam, bus_out/output.bus
Complete log: /mnt/tank/scratch/mfiruleva/scn/data/GSE116240/SRS3458842/.snakemake/log/2020-11-06T183640.055723.snakemake.log
unlocking
removing lock
removing lock
removed all locks
